<?xml version="1.0" encoding="UTF-8"?>
<testng-results ignored="0" total="1" passed="1" failed="0" skipped="0">
  <reporter-output>
  </reporter-output>
  <suite started-at="2024-05-17T20:21:16 EDT" name="Default suite" finished-at="2024-05-17T20:21:18 EDT" duration-ms="1578">
    <groups>
    </groups>
    <test started-at="2024-05-17T20:21:16 EDT" name="Default test" finished-at="2024-05-17T20:21:18 EDT" duration-ms="1578">
      <class name="CodeStudio_session03.Test_GetMethod">
        <test-method signature="test03()[pri:0, instance:CodeStudio_session03.Test_GetMethod@6fdbe764]" started-at="2024-05-17T20:21:16 EDT" name="test03" finished-at="2024-05-17T20:21:18 EDT" duration-ms="1533" status="PASS">
          <reporter-output>
          </reporter-output>
        </test-method> <!-- test03 -->
      </class> <!-- CodeStudio_session03.Test_GetMethod -->
    </test> <!-- Default test -->
  </suite> <!-- Default suite -->
</testng-results>
